# JRE version: Java(TM) SE Runtime Environment (17.0.12+8) (build 17.0.12+8-LTS-286)
# Java VM: Java HotSpot(TM) 64-Bit Server VM (17.0.12+8-LTS-286, mixed mode, sharing, tiered, compressed oops, compressed class ptrs, g1 gc, windows-amd64)
GC Precious Log:
 CPUs: 8 total, 8 available
 Memory: 16118M
 Large Page Support: Disabled
 NUMA Support: Disabled
 Compressed Oops: Enabled (32-bit)
 Heap Region Size: 1M
 Heap Min Capacity: 8M
 Heap Initial Capacity: 252M
 Heap Max Capacity: 2G
 Pre-touch: Disabled
 Parallel Workers: 8
 Concurrent Workers: 2
 Concurrent Refinement Workers: 8
 Periodic GC: Disabled
Heap:
 garbage-first heap   total 226304K, used 157373K [0x0000000080000000, 0x0000000100000000)
  region size 1024K, 85 young (87040K), 6 survivors (6144K)
 Metaspace       used 72872K, committed 73664K, reserved 491520K
  class space    used 10019K, committed 10368K, reserved 425984K
GC Heap History (20 events):
Event: 11.388 GC heap before
{Heap before GC invocations=21 (full 0):
 garbage-first heap   total 89088K, used 61978K [0x0000000080000000, 0x0000000100000000)
  region size 1024K, 6 young (6144K), 1 survivors (1024K)
 Metaspace       used 48942K, committed 49472K, reserved 491520K
  class space    used 6791K, committed 7040K, reserved 425984K
}
Event: 11.389 GC heap after
{Heap after GC invocations=22 (full 0):
 garbage-first heap   total 131072K, used 57998K [0x0000000080000000, 0x0000000100000000)
  region size 1024K, 1 young (1024K), 1 survivors (1024K)
 Metaspace       used 48942K, committed 49472K, reserved 491520K
  class space    used 6791K, committed 7040K, reserved 425984K
}
Event: 12.013 GC heap before
{Heap before GC invocations=22 (full 0):
 garbage-first heap   total 131072K, used 98958K [0x0000000080000000, 0x0000000100000000)
  region size 1024K, 41 young (41984K), 1 survivors (1024K)
 Metaspace       used 53107K, committed 53760K, reserved 491520K
  class space    used 7267K, committed 7552K, reserved 425984K
}
Event: 12.015 GC heap after
{Heap after GC invocations=23 (full 0):
 garbage-first heap   total 131072K, used 60121K [0x0000000080000000, 0x0000000100000000)
  region size 1024K, 2 young (2048K), 2 survivors (2048K)
 Metaspace       used 53107K, committed 53760K, reserved 491520K
  class space    used 7267K, committed 7552K, reserved 425984K
}
Event: 12.692 GC heap before
{Heap before GC invocations=23 (full 0):
 garbage-first heap   total 131072K, used 102105K [0x0000000080000000, 0x0000000100000000)
  region size 1024K, 43 young (44032K), 2 survivors (2048K)
 Metaspace       used 57877K, committed 58496K, reserved 491520K
  class space    used 7862K, committed 8128K, reserved 425984K
}
Event: 12.697 GC heap after
{Heap after GC invocations=24 (full 0):
 garbage-first heap   total 131072K, used 62713K [0x0000000080000000, 0x0000000100000000)
  region size 1024K, 5 young (5120K), 5 survivors (5120K)
 Metaspace       used 57877K, committed 58496K, reserved 491520K
  class space    used 7862K, committed 8128K, reserved 425984K
}
Event: 12.802 GC heap before
{Heap before GC invocations=24 (full 0):
 garbage-first heap   total 131072K, used 64761K [0x0000000080000000, 0x0000000100000000)
  region size 1024K, 8 young (8192K), 5 survivors (5120K)
 Metaspace       used 58388K, committed 59008K, reserved 491520K
  class space    used 7917K, committed 8192K, reserved 425984K
}
Event: 12.805 GC heap after
{Heap after GC invocations=25 (full 0):
 garbage-first heap   total 131072K, used 63225K [0x0000000080000000, 0x0000000100000000)
  region size 1024K, 4 young (4096K), 4 survivors (4096K)
 Metaspace       used 58388K, committed 59008K, reserved 491520K
  class space    used 7917K, committed 8192K, reserved 425984K
}
Event: 13.260 GC heap before
{Heap before GC invocations=26 (full 0):
 garbage-first heap   total 132096K, used 106233K [0x0000000080000000, 0x0000000100000000)
  region size 1024K, 41 young (41984K), 4 survivors (4096K)
 Metaspace       used 60399K, committed 60992K, reserved 491520K
  class space    used 8207K, committed 8512K, reserved 425984K
}
Event: 13.265 GC heap after
{Heap after GC invocations=27 (full 0):
 garbage-first heap   total 132096K, used 67333K [0x0000000080000000, 0x0000000100000000)
  region size 1024K, 6 young (6144K), 6 survivors (6144K)
 Metaspace       used 60399K, committed 60992K, reserved 491520K
  class space    used 8207K, committed 8512K, reserved 425984K
}
Event: 13.282 GC heap before
{Heap before GC invocations=27 (full 0):
 garbage-first heap   total 132096K, used 68357K [0x0000000080000000, 0x0000000100000000)
  region size 1024K, 7 young (7168K), 6 survivors (6144K)
 Metaspace       used 60486K, committed 61120K, reserved 491520K
  class space    used 8217K, committed 8512K, reserved 425984K
}
Event: 13.287 GC heap after
{Heap after GC invocations=28 (full 0):
 garbage-first heap   total 132096K, used 67837K [0x0000000080000000, 0x0000000100000000)
  region size 1024K, 1 young (1024K), 1 survivors (1024K)
 Metaspace       used 60486K, committed 61120K, reserved 491520K
  class space    used 8217K, committed 8512K, reserved 425984K
}
Event: 13.756 GC heap before
{Heap before GC invocations=28 (full 0):
 garbage-first heap   total 132096K, used 103677K [0x0000000080000000, 0x0000000100000000)
  region size 1024K, 36 young (36864K), 1 survivors (1024K)
 Metaspace       used 62425K, committed 63040K, reserved 491520K
  class space    used 8480K, committed 8768K, reserved 425984K
}
Event: 13.758 GC heap after
{Heap after GC invocations=29 (full 0):
 garbage-first heap   total 132096K, used 69268K [0x0000000080000000, 0x0000000100000000)
  region size 1024K, 3 young (3072K), 3 survivors (3072K)
 Metaspace       used 62425K, committed 63040K, reserved 491520K
  class space    used 8480K, committed 8768K, reserved 425984K
}
Event: 14.075 GC heap before
{Heap before GC invocations=30 (full 0):
 garbage-first heap   total 132096K, used 105108K [0x0000000080000000, 0x0000000100000000)
  region size 1024K, 38 young (38912K), 3 survivors (3072K)
 Metaspace       used 62641K, committed 63232K, reserved 491520K
  class space    used 8505K, committed 8768K, reserved 425984K
}
Event: 14.079 GC heap after
{Heap after GC invocations=31 (full 0):
 garbage-first heap   total 132096K, used 71996K [0x0000000080000000, 0x0000000100000000)
  region size 1024K, 5 young (5120K), 5 survivors (5120K)
 Metaspace       used 62641K, committed 63232K, reserved 491520K
  class space    used 8505K, committed 8768K, reserved 425984K
}
Event: 14.620 GC heap before
{Heap before GC invocations=31 (full 0):
 garbage-first heap   total 132096K, used 106812K [0x0000000080000000, 0x0000000100000000)
  region size 1024K, 39 young (39936K), 5 survivors (5120K)
 Metaspace       used 65160K, committed 65856K, reserved 491520K
  class space    used 8846K, committed 9152K, reserved 425984K
}
Event: 14.624 GC heap after
{Heap after GC invocations=32 (full 0):
 garbage-first heap   total 226304K, used 73837K [0x0000000080000000, 0x0000000100000000)
  region size 1024K, 2 young (2048K), 2 survivors (2048K)
 Metaspace       used 65160K, committed 65856K, reserved 491520K
  class space    used 8846K, committed 9152K, reserved 425984K
}
Event: 16.262 GC heap before
{Heap before GC invocations=33 (full 0):
 garbage-first heap   total 226304K, used 165997K [0x0000000080000000, 0x0000000100000000)
  region size 1024K, 91 young (93184K), 2 survivors (2048K)
 Metaspace       used 72231K, committed 72896K, reserved 491520K
  class space    used 9946K, committed 10240K, reserved 425984K
}
Event: 16.267 GC heap after
{Heap after GC invocations=34 (full 0):
 garbage-first heap   total 226304K, used 77501K [0x0000000080000000, 0x0000000100000000)
  region size 1024K, 6 young (6144K), 6 survivors (6144K)
 Metaspace       used 72231K, committed 72896K, reserved 491520K
  class space    used 9946K, committed 10240K, reserved 425984K
}

